===============================fold num is : 3, family type is : GTB================================
=============================================prog_args==============================================
Namespace(dataset='GTmining_6_6_GTB_fold3', pool_ratio=0.1, num_pool=1, cuda=1, lr=1.0, clip=inf,
batch_size=128, epoch=500, n_worker=10, gc_per_block=3, aggregator_type='meanpool', dropout=0.0,
method='diffpool', bn=True, bias=True, save_dir='./model_param_alldata', load_epoch=-1,
data_mode='default', linkpred=False, hidden_dim=64, embedding_dim=64, family_fold_type='GTB')
================================================加载数据================================================
++++++++++ STATISTICS ABOUT THE DATASET ++++++++++
dataset feature dimension is 7
dataset label dimension is 10
the max num node is 655
number of graphs is 19896
++++++++++MODEL STATISTICS++++++++
model hidden dim is 64
model embedding dim for graph instance embedding 64
initial batched pool graph dim is 65
model init finished
MODEL::::::: diffpool

EPOCH ###### 0 ######
train accuracy for this epoch 0 is 10.36%
loss 215199.4844 with epoch time 93.1238 s & computation time 86.6171 s 

EPOCH ###### 1 ######
train accuracy for this epoch 1 is 9.99%
loss 218854.3438 with epoch time 92.3552 s & computation time 85.8826 s 

EPOCH ###### 2 ######
train accuracy for this epoch 2 is 10.80%
loss 209765.6875 with epoch time 92.1742 s & computation time 85.6586 s 

EPOCH ###### 3 ######
train accuracy for this epoch 3 is 10.46%
loss 213209.5000 with epoch time 92.4588 s & computation time 85.9351 s 

EPOCH ###### 4 ######
train accuracy for this epoch 4 is 12.10%
loss 216263.5000 with epoch time 92.6827 s & computation time 86.2025 s 

EPOCH ###### 5 ######
train accuracy for this epoch 5 is 14.47%
loss 210212.1250 with epoch time 93.1754 s & computation time 86.7076 s 

EPOCH ###### 6 ######
train accuracy for this epoch 6 is 17.30%
loss 216206.2812 with epoch time 92.5492 s & computation time 86.0916 s 

EPOCH ###### 7 ######
train accuracy for this epoch 7 is 19.66%
loss 213867.6719 with epoch time 92.2610 s & computation time 85.7095 s 

EPOCH ###### 8 ######
train accuracy for this epoch 8 is 23.07%
loss 218224.8125 with epoch time 92.2794 s & computation time 85.8424 s 

EPOCH ###### 9 ######
train accuracy for this epoch 9 is 25.66%
loss 212025.4844 with epoch time 92.1066 s & computation time 85.6323 s 

EPOCH ###### 10 ######
train accuracy for this epoch 10 is 29.87%
loss 215723.2969 with epoch time 92.4583 s & computation time 85.9942 s 

EPOCH ###### 11 ######
train accuracy for this epoch 11 is 31.16%
loss 213940.5938 with epoch time 92.4569 s & computation time 85.9509 s 

EPOCH ###### 12 ######
train accuracy for this epoch 12 is 34.37%
loss 211302.5469 with epoch time 92.5224 s & computation time 85.9855 s 

EPOCH ###### 13 ######
train accuracy for this epoch 13 is 35.46%
loss 217358.2969 with epoch time 93.1386 s & computation time 86.6138 s 

EPOCH ###### 14 ######
train accuracy for this epoch 14 is 38.79%
loss 213489.5312 with epoch time 92.9815 s & computation time 86.4187 s 

EPOCH ###### 15 ######
train accuracy for this epoch 15 is 41.13%
loss 208155.1719 with epoch time 93.0001 s & computation time 86.5510 s 

EPOCH ###### 16 ######
train accuracy for this epoch 16 is 43.93%
loss 210322.9844 with epoch time 92.7697 s & computation time 86.2920 s 

EPOCH ###### 17 ######
train accuracy for this epoch 17 is 48.56%
loss 208176.0156 with epoch time 93.5176 s & computation time 87.0419 s 

EPOCH ###### 18 ######
train accuracy for this epoch 18 is 49.72%
loss 211857.8438 with epoch time 92.0218 s & computation time 85.5306 s 

EPOCH ###### 19 ######
train accuracy for this epoch 19 is 53.94%
loss 215834.1719 with epoch time 92.5946 s & computation time 86.0787 s 

EPOCH ###### 20 ######
train accuracy for this epoch 20 is 54.28%
loss 217548.2188 with epoch time 92.7192 s & computation time 86.2898 s 

EPOCH ###### 21 ######
train accuracy for this epoch 21 is 58.58%
loss 211495.3438 with epoch time 92.6593 s & computation time 86.1624 s 

EPOCH ###### 22 ######
train accuracy for this epoch 22 is 58.62%
loss 214526.5156 with epoch time 93.2507 s & computation time 86.7752 s 

EPOCH ###### 23 ######
train accuracy for this epoch 23 is 61.02%
loss 218241.9531 with epoch time 93.1635 s & computation time 86.6765 s 

EPOCH ###### 24 ######
train accuracy for this epoch 24 is 64.99%
loss 208187.9688 with epoch time 92.2187 s & computation time 85.6965 s 

EPOCH ###### 25 ######
train accuracy for this epoch 25 is 64.55%
loss 211170.5312 with epoch time 92.2523 s & computation time 85.6994 s 

EPOCH ###### 26 ######
